{
  "stats": {
    "suites": 1,
    "tests": 1,
    "passes": 1,
    "pending": 0,
    "failures": 0,
    "start": "2023-11-09T17:05:47.153Z",
    "end": "2023-11-09T17:05:49.783Z",
    "duration": 2630,
    "testsRegistered": 1,
    "passPercent": 100,
    "pendingPercent": 0,
    "other": 0,
    "hasOther": false,
    "skipped": 0,
    "hasSkipped": false
  },
  "results": [
    {
      "uuid": "5975a182-9c95-4dd3-b417-6ab764425023",
      "title": "",
      "fullFile": "cypress\\e2e\\Tablas\\Tablas.cy.js",
      "file": "cypress\\e2e\\Tablas\\Tablas.cy.js",
      "beforeHooks": [],
      "afterHooks": [],
      "tests": [],
      "suites": [
        {
          "uuid": "6fc6bfda-0bc7-4fda-919c-548d89e6b38c",
          "title": "Tablas estáticas y dinámicas",
          "fullFile": "",
          "file": "",
          "beforeHooks": [],
          "afterHooks": [],
          "tests": [
            {
              "title": "Validamos una tabla dinámica",
              "fullTitle": "Tablas estáticas y dinámicas Validamos una tabla dinámica",
              "timedOut": null,
              "duration": 399,
              "state": "passed",
              "speed": "fast",
              "pass": true,
              "fail": false,
              "pending": false,
              "context": null,
              "code": "cy.visit('https://thefreerangetester.github.io/sandbox-automation-testing/');\ncy.contains('td', 'Mbappe').next().should('have.text', '24');",
              "err": {},
              "uuid": "d6ef2a99-b004-4237-a318-c7e844e14ecc",
              "parentUUID": "6fc6bfda-0bc7-4fda-919c-548d89e6b38c",
              "isHook": false,
              "skipped": false
            }
          ],
          "suites": [],
          "passes": [
            "d6ef2a99-b004-4237-a318-c7e844e14ecc"
          ],
          "failures": [],
          "pending": [],
          "skipped": [],
          "duration": 399,
          "root": false,
          "rootEmpty": false,
          "_timeout": 2000
        }
      ],
      "passes": [],
      "failures": [],
      "pending": [],
      "skipped": [],
      "duration": 0,
      "root": true,
      "rootEmpty": true,
      "_timeout": 2000
    }
  ],
  "meta": {
    "mocha": {
      "version": "7.0.1"
    },
    "mochawesome": {
      "options": {
        "quiet": false,
        "reportFilename": "mochawesome",
        "saveHtml": true,
        "saveJson": true,
        "consoleReporter": "spec",
        "useInlineDiffs": false,
        "code": true
      },
      "version": "7.1.3"
    },
    "marge": {
      "options": null,
      "version": "6.2.0"
    }
  }
}